  HoloNet.cpp
c:\users\jg754\documents\visual studio 2015\projects\clearn\clearn\holonet.cpp(33): warning C4244: 'return': conversion from 'double' to 'fREAL', possible loss of data
c:\users\jg754\documents\visual studio 2015\projects\clearn\clearn\holonet.cpp(145): warning C4244: 'initializing': conversion from 'Eigen::EigenBase<Derived>::Index' to 'int32_t', possible loss of data
          with
          [
              Derived=Eigen::Matrix<float,-1,-1,0,-1,-1>
          ]
c:\users\jg754\documents\visual studio 2015\projects\clearn\clearn\holonet.cpp(146): warning C4244: 'initializing': conversion from 'Eigen::EigenBase<Derived>::Index' to 'int32_t', possible loss of data
          with
          [
              Derived=Eigen::Matrix<float,-1,-1,0,-1,-1>
          ]
c:\users\jg754\documents\visual studio 2015\projects\clearn\clearn\holonet.cpp(166): warning C4244: 'initializing': conversion from 'Eigen::EigenBase<Derived>::Index' to 'int32_t', possible loss of data
          with
          [
              Derived=Eigen::Matrix<float,-1,-1,0,-1,-1>
          ]
c:\users\jg754\documents\visual studio 2015\projects\clearn\clearn\holonet.cpp(167): warning C4244: 'initializing': conversion from 'Eigen::EigenBase<Derived>::Index' to 'int32_t', possible loss of data
          with
          [
              Derived=Eigen::Matrix<float,-1,-1,0,-1,-1>
          ]
c:\users\jg754\documents\visual studio 2015\projects\clearn\clearn\holonet.cpp(197): warning C4244: 'argument': conversion from 'Eigen::EigenBase<Derived>::Index' to 'const float', possible loss of data
          with
          [
              Derived=Eigen::Matrix<float,-1,-1,0,-1,-1>
          ]
c:\users\jg754\documents\visual studio 2015\projects\clearn\clearn\holonet.cpp(198): warning C4244: 'argument': conversion from 'Eigen::EigenBase<Derived>::Index' to 'uint32_t', possible loss of data
          with
          [
              Derived=Eigen::Matrix<float,-1,-1,0,-1,-1>
          ]
c:\users\jg754\documents\visual studio 2015\projects\clearn\clearn\holonet.cpp(199): warning C4244: 'argument': conversion from 'Eigen::EigenBase<Derived>::Index' to 'uint32_t', possible loss of data
          with
          [
              Derived=Eigen::Matrix<float,-1,-1,0,-1,-1>
          ]
c:\users\jg754\documents\visual studio 2015\projects\clearn\clearn\holonet.cpp(206): warning C4244: 'argument': conversion from 'Eigen::EigenBase<Derived>::Index' to 'uint32_t', possible loss of data
          with
          [
              Derived=Eigen::Matrix<float,-1,-1,0,-1,-1>
          ]
c:\users\jg754\documents\visual studio 2015\projects\clearn\clearn\holonet.cpp(211): warning C4244: 'argument': conversion from 'Eigen::EigenBase<Derived>::Index' to 'uint32_t', possible loss of data
          with
          [
              Derived=Eigen::Matrix<float,-1,-1,0,-1,-1>
          ]
c:\users\jg754\documents\visual studio 2015\projects\clearn\clearn\holonet.cpp(224): warning C4244: 'argument': conversion from 'Eigen::EigenBase<Derived>::Index' to 'uint32_t', possible loss of data
          with
          [
              Derived=Eigen::Matrix<float,-1,-1,0,-1,-1>
          ]
c:\users\jg754\documents\visual studio 2015\projects\clearn\clearn\holonet.cpp(231): warning C4244: 'initializing': conversion from 'Eigen::EigenBase<Derived>::Index' to 'int32_t', possible loss of data
          with
          [
              Derived=Eigen::Matrix<float,-1,-1,0,-1,-1>
          ]
c:\users\jg754\documents\visual studio 2015\projects\clearn\clearn\holonet.cpp(232): warning C4244: 'initializing': conversion from 'Eigen::EigenBase<Derived>::Index' to 'int32_t', possible loss of data
          with
          [
              Derived=Eigen::Matrix<float,-1,-1,0,-1,-1>
          ]
c:\users\jg754\documents\visual studio 2015\projects\clearn\clearn\holonet.cpp(234): warning C4244: 'initializing': conversion from 'int' to 'fREAL', possible loss of data
  CLearn.vcxproj -> C:\Users\jg754\Documents\Visual Studio 2015\Projects\CLearn\x64\Debug\CLearn.dll
  CLearn.vcxproj -> C:\Users\jg754\Documents\Visual Studio 2015\Projects\CLearn\x64\Debug\CLearn.pdb (Full PDB)
